<?xml version="1.0" encoding="UTF-8"?>
<!-- Generated by org.testng.reporters.JUnitReportReporter -->
<testsuite hostname="DESKTOP-3QFPULT" failures="0" tests="1" name="noushinTest.SwipeDemo" time="11.288" errors="0" timestamp="14 Sep 2023 14:47:15 GMT" skipped="0">
  <testcase classname="noushinTest.SwipeDemo" name="SwipeDemoTest" time="11.288"/>
</testsuite> <!-- noushinTest.SwipeDemo -->
