<?xml version="1.0" encoding="UTF-8"?>
<!-- Generated by org.testng.reporters.JUnitReportReporter -->
<testsuite hostname="DESKTOP-3QFPULT" failures="0" tests="1" name="noushinTest.MobileBrowserTest" time="73.134" errors="0" timestamp="18 Sep 2023 23:38:06 GMT" skipped="0">
  <testcase classname="noushinTest.MobileBrowserTest" name="browserTest" time="73.134"/>
</testsuite> <!-- noushinTest.MobileBrowserTest -->
