<?xml version="1.0" encoding="UTF-8"?>
<!-- Generated by org.testng.reporters.JUnitReportReporter -->
<testsuite hostname="DESKTOP-3QFPULT" failures="0" tests="1" name="noushinTest.eCommerce_tc_4_hybrid" time="227.631" errors="0" timestamp="18 Sep 2023 21:26:51 GMT" skipped="0">
  <testcase classname="noushinTest.eCommerce_tc_4_hybrid" name="FillForm" time="227.631"/>
</testsuite> <!-- noushinTest.eCommerce_tc_4_hybrid -->
