<?xml version="1.0" encoding="UTF-8"?>
<!-- Generated by org.testng.reporters.JUnitReportReporter -->
<testsuite hostname="DESKTOP-3QFPULT" failures="0" tests="2" name="noushinTest.eCommerce_tc_1" time="21.831" errors="1" timestamp="18 Sep 2023 22:30:57 GMT" skipped="1">
  <testcase classname="noushinTest.eCommerce_tc_1" name="configureAppium" time="21.831">
    <error message="Could not start a new session. Response code 500. Message: An unknown server-side error occurred while processing the command. Original error: Could not find a connected Android device in 20046ms. 
Host info: host: &#039;DESKTOP-3QFPULT&#039;, ip: &#039;192.168.1.71&#039;
Build info: version: &#039;4.12.1&#039;, revision: &#039;8e34639b11&#039;
System info: os.name: &#039;Windows 10&#039;, os.arch: &#039;amd64&#039;, os.version: &#039;10.0&#039;, java.version: &#039;20.0.2&#039;
Driver info: io.appium.java_client.android.AndroidDriver
Command: [null, newSession {capabilities=[{appium:chromedriverExecutable=D:\drivers\chromedriver_83_0_4103\chromedriver.exe, appium:deviceName=NoushinEm, platformName=ANDROID, appium:automationName=UIAutomator2, appium:app=D:\maven\Appium\src\test\java\resources\General-Store.apk}], desiredCapabilities=Capabilities {appium:app: D:\maven\Appium\src\test\ja..., appium:automationName: UIAutomator2, appium:chromedriverExecutable: D:\drivers\chromedriver_83_..., appium:deviceName: NoushinEm, platformName: ANDROID}}]
Capabilities {appium:app: D:\maven\Appium\src\test\ja..., appium:automationName: UIAutomator2, appium:chromedriverExecutable: D:\drivers\chromedriver_83_..., appium:deviceName: NoushinEm, platformName: ANDROID}" type="org.openqa.selenium.SessionNotCreatedException">
      <![CDATA[org.openqa.selenium.SessionNotCreatedException: Could not start a new session. Response code 500. Message: An unknown server-side error occurred while processing the command. Original error: Could not find a connected Android device in 20046ms. 
Host info: host: 'DESKTOP-3QFPULT', ip: '192.168.1.71'
Build info: version: '4.12.1', revision: '8e34639b11'
System info: os.name: 'Windows 10', os.arch: 'amd64', os.version: '10.0', java.version: '20.0.2'
Driver info: io.appium.java_client.android.AndroidDriver
Command: [null, newSession {capabilities=[{appium:chromedriverExecutable=D:\drivers\chromedriver_83_0_4103\chromedriver.exe, appium:deviceName=NoushinEm, platformName=ANDROID, appium:automationName=UIAutomator2, appium:app=D:\maven\Appium\src\test\java\resources\General-Store.apk}], desiredCapabilities=Capabilities {appium:app: D:\maven\Appium\src\test\ja..., appium:automationName: UIAutomator2, appium:chromedriverExecutable: D:\drivers\chromedriver_83_..., appium:deviceName: NoushinEm, platformName: ANDROID}}]
Capabilities {appium:app: D:\maven\Appium\src\test\ja..., appium:automationName: UIAutomator2, appium:chromedriverExecutable: D:\drivers\chromedriver_83_..., appium:deviceName: NoushinEm, platformName: ANDROID}
at org.openqa.selenium.remote.ProtocolHandshake.createSession(ProtocolHandshake.java:140)
at java.base/jdk.internal.reflect.DirectMethodHandleAccessor.invoke(DirectMethodHandleAccessor.java:104)
at java.base/java.lang.reflect.Method.invoke(Method.java:578)
at io.appium.java_client.remote.AppiumProtocolHandshake.createSession(AppiumProtocolHandshake.java:133)
at io.appium.java_client.remote.AppiumProtocolHandshake.createSession(AppiumProtocolHandshake.java:102)
at io.appium.java_client.remote.AppiumCommandExecutor.createSession(AppiumCommandExecutor.java:182)
at io.appium.java_client.remote.AppiumCommandExecutor.execute(AppiumCommandExecutor.java:250)
at org.openqa.selenium.remote.RemoteWebDriver.execute(RemoteWebDriver.java:602)
at io.appium.java_client.AppiumDriver.startSession(AppiumDriver.java:274)
at org.openqa.selenium.remote.RemoteWebDriver.<init>(RemoteWebDriver.java:163)
at io.appium.java_client.AppiumDriver.<init>(AppiumDriver.java:89)
at io.appium.java_client.AppiumDriver.<init>(AppiumDriver.java:101)
at io.appium.java_client.android.AndroidDriver.<init>(AndroidDriver.java:113)
at noushinTest.BaseTest.configureAppium(BaseTest.java:51)
at java.base/jdk.internal.reflect.DirectMethodHandleAccessor.invoke(DirectMethodHandleAccessor.java:104)
at java.base/java.lang.reflect.Method.invoke(Method.java:578)
at org.testng.internal.MethodInvocationHelper.invokeMethod(MethodInvocationHelper.java:124)
at org.testng.internal.MethodInvocationHelper.invokeMethodConsideringTimeout(MethodInvocationHelper.java:59)
at org.testng.internal.Invoker.invokeConfigurationMethod(Invoker.java:458)
at org.testng.internal.Invoker.invokeConfigurations(Invoker.java:222)
at org.testng.internal.Invoker.invokeConfigurations(Invoker.java:142)
at org.testng.internal.TestMethodWorker.invokeBeforeClassMethods(TestMethodWorker.java:168)
at org.testng.internal.TestMethodWorker.run(TestMethodWorker.java:105)
at org.testng.TestRunner.privateRun(TestRunner.java:648)
at org.testng.TestRunner.run(TestRunner.java:505)
at org.testng.SuiteRunner.runTest(SuiteRunner.java:455)
at org.testng.SuiteRunner.runSequentially(SuiteRunner.java:450)
at org.testng.SuiteRunner.privateRun(SuiteRunner.java:415)
at org.testng.SuiteRunner.run(SuiteRunner.java:364)
at org.testng.SuiteRunnerWorker.runSuite(SuiteRunnerWorker.java:52)
at org.testng.SuiteRunnerWorker.run(SuiteRunnerWorker.java:84)
at org.testng.TestNG.runSuitesSequentially(TestNG.java:1208)
at org.testng.TestNG.runSuitesLocally(TestNG.java:1137)
at org.testng.TestNG.runSuites(TestNG.java:1049)
at org.testng.TestNG.run(TestNG.java:1017)
at org.testng.remote.AbstractRemoteTestNG.run(AbstractRemoteTestNG.java:115)
at org.testng.remote.RemoteTestNG.initAndRun(RemoteTestNG.java:251)
at org.testng.remote.RemoteTestNG.main(RemoteTestNG.java:77)
]]>
    </error>
  </testcase> <!-- configureAppium -->
  <testcase classname="noushinTest.eCommerce_tc_1" name="FillForm" time="0.000">
    <skipped/>
  </testcase> <!-- FillForm -->
</testsuite> <!-- noushinTest.eCommerce_tc_1 -->
