<?xml version="1.0" encoding="UTF-8"?>
<!-- Generated by org.testng.reporters.JUnitReportReporter -->
<testsuite hostname="DESKTOP-3QFPULT" failures="0" tests="1" name="noushinTest.MiscellaneousAppium" time="16.256" errors="0" timestamp="15 Sep 2023 10:53:31 GMT" skipped="0">
  <testcase classname="noushinTest.MiscellaneousAppium" name="appiumTest" time="16.256"/>
</testsuite> <!-- noushinTest.MiscellaneousAppium -->
