<?xml version="1.0" encoding="UTF-8"?>
<!-- Generated by org.testng.reporters.JUnitReportReporter -->
<testsuite hostname="DESKTOP-3QFPULT" failures="0" tests="1" name="noushinTest.SwipeDemo" time="10.452" errors="0" timestamp="14 Sep 2023 14:29:26 GMT" skipped="0">
  <testcase classname="noushinTest.SwipeDemo" name="SwipeDemoTest" time="10.452"/>
</testsuite> <!-- noushinTest.SwipeDemo -->
