<?xml version="1.0" encoding="UTF-8"?>
<!-- Generated by org.testng.reporters.JUnitReportReporter -->
<testsuite hostname="DESKTOP-3QFPULT" failures="0" tests="1" name="noushinTest.MobileBrowserTest" time="52.411" errors="0" timestamp="19 Sep 2023 10:54:21 GMT" skipped="0">
  <testcase classname="noushinTest.MobileBrowserTest" name="browserTest" time="52.411"/>
</testsuite> <!-- noushinTest.MobileBrowserTest -->
