<?xml version="1.0" encoding="UTF-8"?>
<!-- Generated by org.testng.reporters.JUnitReportReporter -->
<testsuite hostname="DESKTOP-3QFPULT" failures="0" tests="1" name="noushinTest.DragDropDemo" time="8.145" errors="0" timestamp="14 Sep 2023 14:54:52 GMT" skipped="0">
  <testcase classname="noushinTest.DragDropDemo" name="SwipeDemoTest" time="8.145"/>
</testsuite> <!-- noushinTest.DragDropDemo -->
