<?xml version="1.0" encoding="UTF-8"?>
<!-- Generated by org.testng.reporters.JUnitReportReporter -->
<testsuite hostname="DESKTOP-3QFPULT" failures="0" tests="1" name="noushinTest.MobileBrowserTest2" time="38.671" errors="0" timestamp="19 Sep 2023 12:32:50 GMT" skipped="0">
  <testcase classname="noushinTest.MobileBrowserTest2" name="browserTest" time="38.671"/>
</testsuite> <!-- noushinTest.MobileBrowserTest2 -->
