<?xml version="1.0" encoding="UTF-8"?>
<!-- Generated by org.testng.reporters.JUnitReportReporter -->
<testsuite hostname="DESKTOP-3QFPULT" failures="0" tests="1" name="noushinTest.Assignment2" time="24.741" errors="0" timestamp="14 Sep 2023 16:56:07 GMT" skipped="0">
  <testcase classname="noushinTest.Assignment2" name="Assignment2Test" time="24.741"/>
</testsuite> <!-- noushinTest.Assignment2 -->
