<?xml version="1.0" encoding="UTF-8"?>
<!-- Generated by org.testng.reporters.JUnitReportReporter -->
<testsuite hostname="DESKTOP-3QFPULT" failures="0" tests="1" name="noushinTest.MiscellaneousAppium" time="17.660" errors="0" timestamp="15 Sep 2023 15:15:29 GMT" skipped="0">
  <testcase classname="noushinTest.MiscellaneousAppium" name="Miscellaneous" time="17.660"/>
</testsuite> <!-- noushinTest.MiscellaneousAppium -->
