<?xml version="1.0" encoding="UTF-8"?>
<!-- Generated by org.testng.reporters.JUnitReportReporter -->
<testsuite hostname="DESKTOP-3QFPULT" failures="0" tests="1" name="noushinTest.eCommerce_tc_1" time="38.126" errors="0" timestamp="16 Sep 2023 15:47:15 GMT" skipped="0">
  <testcase classname="noushinTest.eCommerce_tc_1" name="FillForm" time="38.126"/>
</testsuite> <!-- noushinTest.eCommerce_tc_1 -->
