<?xml version="1.0" encoding="UTF-8"?>
<!-- Generated by org.testng.reporters.JUnitReportReporter -->
<testsuite hostname="DESKTOP-3QFPULT" failures="0" tests="1" name="noushinTest.Assignment1" time="8.502" errors="0" timestamp="14 Sep 2023 15:40:45 GMT" skipped="0">
  <testcase classname="noushinTest.Assignment1" name="Assignment1Test" time="8.502"/>
</testsuite> <!-- noushinTest.Assignment1 -->
