<?xml version="1.0" encoding="UTF-8"?>
<!-- Generated by org.testng.reporters.JUnitReportReporter -->
<testsuite hostname="DESKTOP-3QFPULT" failures="0" tests="1" name="noushinTest.eCommerce_tc_2" time="73.665" errors="0" timestamp="17 Sep 2023 21:54:41 GMT" skipped="0">
  <testcase classname="noushinTest.eCommerce_tc_2" name="FillForm" time="73.665"/>
</testsuite> <!-- noushinTest.eCommerce_tc_2 -->
