<?xml version="1.0" encoding="UTF-8"?>
<!-- Generated by org.testng.reporters.JUnitReportReporter -->
<testsuite hostname="DESKTOP-3QFPULT" failures="0" tests="1" name="noushinTest.eCommerce_tc_3" time="57.174" errors="0" timestamp="17 Sep 2023 23:59:42 GMT" skipped="0">
  <testcase classname="noushinTest.eCommerce_tc_3" name="FillForm" time="57.174"/>
</testsuite> <!-- noushinTest.eCommerce_tc_3 -->
