<?xml version="1.0" encoding="UTF-8"?>
<!-- Generated by org.testng.reporters.JUnitReportReporter -->
<testsuite hostname="DESKTOP-3QFPULT" failures="0" tests="1" name="noushinTest.appiumBasic" time="8.660" errors="0" timestamp="13 Sep 2023 14:27:35 GMT" skipped="0">
  <testcase classname="noushinTest.appiumBasic" name="appiumTest" time="8.660"/>
</testsuite> <!-- noushinTest.appiumBasic -->
