<?xml version="1.0" encoding="UTF-8"?>
<!-- Generated by org.testng.reporters.JUnitReportReporter -->
<testsuite hostname="DESKTOP-3QFPULT" failures="0" tests="1" name="noushinTest.eCommerce_tc_3" time="140.447" errors="0" timestamp="18 Sep 2023 12:07:06 GMT" skipped="0">
  <testcase classname="noushinTest.eCommerce_tc_3" name="FillForm" time="140.447"/>
</testsuite> <!-- noushinTest.eCommerce_tc_3 -->
