<?xml version="1.0" encoding="UTF-8"?>
<!-- Generated by org.testng.reporters.JUnitReportReporter -->
<testsuite hostname="DESKTOP-3QFPULT" failures="0" tests="1" name="noushinTest.ScrollDemo" time="22.524" errors="0" timestamp="14 Sep 2023 11:15:06 GMT" skipped="0">
  <testcase classname="noushinTest.ScrollDemo" name="ScrollDemoTest" time="22.524"/>
</testsuite> <!-- noushinTest.ScrollDemo -->
